1720038337765:test hi
1720038411820:api-test
1720038439012:test
1720038512901:example
1720038587938:test
1720038618286:example
1720038621754:help
1720038626054:clear
1720038692346:test
1720038699033:example
1720038711330:test in bankstatements.csv on january 1st 2022, what was the opening balance
1720038821225:api-test
1720038828384:test in bankstatements.csv on january 1st 2022, what was the opening balance
1720038837593:stacktrace
1720038879472:api-test
1720038894677:test in bankstatements.csv on january 1st 2022, what was the opening balance
1720038898701:test method
1720039086383:test hi
1720039317581:test-method
1720039322470:example
1720039466817:example localhost:8080/api/v1/test
1720039487936:api-test
1720039495916:api-test --message localhost:8080/api/v1/test
1720039527458:example hi
1720039620611:test-method hi
1720039623921:example hi
